C51 COMPILER V9.60.7.0   DELAY                                                             03/02/2024 02:25:29 PAGE 1   


C51 COMPILER V9.60.7.0, COMPILATION OF MODULE DELAY
OBJECT MODULE PLACED IN .\Objects\delay.obj
COMPILER INVOKED BY: C:\Keil_v5\C51\BIN\C51.EXE delay.c OPTIMIZE(8,SPEED) BROWSE DEBUG OBJECTEXTEND PRINT(.\Listings\del
                    -ay.lst) TABS(2) OBJECT(.\Objects\delay.obj)

line level    source

   1          #include "main.h"
   2          void delay_hardware(void)
   3          {
   4   1        //Configure timer 0
   5   1        TMOD = TMOD & 0xF0;
   6   1        TMOD = TMOD | 0x01;
   7   1        ET0 = 0;
   8   1        
   9   1        TH0 = 0xD8;
  10   1        TL0 = 0xF0;
  11   1        
  12   1        TF0 = 0;
  13   1        TR0 = 1;
  14   1        
  15   1        while(TF0 == 0);
  16   1        TR0 = 0;
  17   1      }


MODULE INFORMATION:   STATIC OVERLAYABLE
   CODE SIZE        =     24    ----
   CONSTANT SIZE    =   ----    ----
   XDATA SIZE       =   ----    ----
   PDATA SIZE       =   ----    ----
   DATA SIZE        =   ----    ----
   IDATA SIZE       =   ----    ----
   BIT SIZE         =   ----    ----
END OF MODULE INFORMATION.


C51 COMPILATION COMPLETE.  0 WARNING(S),  0 ERROR(S)
