C51 COMPILER V9.60.7.0   MAIN                                                              03/02/2024 03:29:40 PAGE 1   


C51 COMPILER V9.60.7.0, COMPILATION OF MODULE MAIN
OBJECT MODULE PLACED IN .\Objects\main.obj
COMPILER INVOKED BY: C:\Keil_v5\C51\BIN\C51.EXE main.c OPTIMIZE(8,SPEED) BROWSE DEBUG OBJECTEXTEND PRINT(.\Listings\main
                    -.lst) TABS(2) OBJECT(.\Objects\main.obj)

line level    source

   1          #include "main.h"
   2          #include "port.h"
   3          #include "display.h"
   4          #include "update.h"
   5          
   6          tByte clock[6] = {0, 5, 9, 5, 3, 2};
   7          tByte cock[6] = {0, 0, 0, 0, 0, 0};
   8          
   9          void Timer2_ISR(void);
  10          
  11          void main(void)
  12          {
  13   1        timer2_INIT();
  14   1        while(1)
  15   1        {
  16   2          if (readPinP1(0) == 1)
  17   2          {
  18   3            display(cock);
  19   3          }
  20   2          else
  21   2          {
  22   3            display(clock);
  23   3          }
  24   2        }
  25   1      }
  26          /*======================================
  27          Timer2_ISR() Interrupt Service Routine increases second by 1 (clock[0]++)
  28          ========================================*/
  29          static tByte second_count = 0;
  30          
  31          void Timer2_ISR(void) interrupt INTERRUPT_T2
  32          {
  33   1        TF2 = 0;
  34   1        second_count ++;
  35   1        if(second_count == 20)
  36   1        {
  37   2          second_count = 0;
  38   2          increment_second(clock);
  39   2        }
  40   1      }


MODULE INFORMATION:   STATIC OVERLAYABLE
   CODE SIZE        =    109    ----
   CONSTANT SIZE    =   ----    ----
   XDATA SIZE       =   ----    ----
   PDATA SIZE       =   ----    ----
   DATA SIZE        =     13    ----
   IDATA SIZE       =   ----    ----
   BIT SIZE         =   ----    ----
END OF MODULE INFORMATION.


C51 COMPILATION COMPLETE.  0 WARNING(S),  0 ERROR(S)
