C51 COMPILER V9.60.7.0   UPDATE                                                            03/02/2024 02:25:30 PAGE 1   


C51 COMPILER V9.60.7.0, COMPILATION OF MODULE UPDATE
OBJECT MODULE PLACED IN .\Objects\update.obj
COMPILER INVOKED BY: C:\Keil_v5\C51\BIN\C51.EXE update.c OPTIMIZE(8,SPEED) BROWSE DEBUG OBJECTEXTEND PRINT(.\Listings\up
                    -date.lst) TABS(2) OBJECT(.\Objects\update.obj)

line level    source

   1          #include "main.h"
   2          #include "update.h"
   3          
   4          void timer2_INIT(void)
   5          {
   6   1        RCAP2H = 0x3C;
   7   1        TH2    = 0x3C;
   8   1        RCAP2L = 0xB0;
   9   1        TL2    = 0xB0;
  10   1        
  11   1        TF2 = 0;
  12   1        ET2 = 1;
  13   1        EA = 1;
  14   1        TR2 = 1;
  15   1      }
  16          /*===============================================
  17          increment_second() - Function to increase second count 
  18          by one and modify minute and hour count accordingly
  19          =================================================*/
  20          
  21          void increment_second(tByte clock[])
  22          {
  23   1        clock[0]++;
  24   1        if(clock[0]>=10)
  25   1        {
  26   2          clock[0] = 0;
  27   2          clock[1]++;
  28   2          if(clock[1]>=6)
  29   2          {
  30   3            clock[1] = 0;
  31   3            increment_minute(clock);
  32   3          }
  33   2        }
  34   1      }
  35          
  36          void increment_minute(tByte clock[])
  37          {
  38   1        clock[2]++;
  39   1        if(clock[2]>=10)
  40   1        {
  41   2          clock[2] = 0;
  42   2          clock[3]++;
  43   2          if(clock[3]>=6)
  44   2          {
  45   3            clock[3] = 0;
  46   3            increment_hour(clock);
  47   3          }
  48   2        }
  49   1      }
  50          
  51          void increment_hour(tByte clock[])
  52          {
  53   1        clock[4]++;
  54   1        if(clock[5]>=2 && clock[4]>=4)
C51 COMPILER V9.60.7.0   UPDATE                                                            03/02/2024 02:25:30 PAGE 2   

  55   1        {
  56   2          clock[4] = 0;
  57   2          clock[5] = 0;
  58   2        }
  59   1        else if(clock[4]>=10)
  60   1        {
  61   2          clock[4] = 0;
  62   2          clock[5]++;
  63   2      
  64   2        }
  65   1      }


MODULE INFORMATION:   STATIC OVERLAYABLE
   CODE SIZE        =    194    ----
   CONSTANT SIZE    =   ----    ----
   XDATA SIZE       =   ----    ----
   PDATA SIZE       =   ----    ----
   DATA SIZE        =   ----    ----
   IDATA SIZE       =   ----    ----
   BIT SIZE         =   ----    ----
END OF MODULE INFORMATION.


C51 COMPILATION COMPLETE.  0 WARNING(S),  0 ERROR(S)
